0 info it worked if it ends with ok
1 verbose cli [ '/usr/local/bin/node', '/usr/local/bin/npm', 'run', 'gtg' ]
2 info using npm@3.8.6
3 info using node@v6.0.0
4 verbose run-script [ 'pregtg', 'gtg', 'postgtg' ]
5 info lifecycle exchange@1.0.0~pregtg: exchange@1.0.0
6 silly lifecycle exchange@1.0.0~pregtg: no script for pregtg, continuing
7 info lifecycle exchange@1.0.0~gtg: exchange@1.0.0
8 verbose lifecycle exchange@1.0.0~gtg: unsafe-perm in lifecycle true
9 verbose lifecycle exchange@1.0.0~gtg: PATH: /usr/local/lib/node_modules/npm/bin/node-gyp-bin:/Users/JuansMacbook/exchange/node_modules/.bin:/usr/local/bin:/usr/local/bin:/usr/bin:/bin:/usr/sbin:/sbin
10 verbose lifecycle exchange@1.0.0~gtg: CWD: /Users/JuansMacbook/exchange
11 silly lifecycle exchange@1.0.0~gtg: Args: [ '-c', 'npm run build, npm start' ]
12 silly lifecycle exchange@1.0.0~gtg: Returned: code: 1  signal: null
13 info lifecycle exchange@1.0.0~gtg: Failed to exec gtg script
14 verbose stack Error: exchange@1.0.0 gtg: `npm run build, npm start`
14 verbose stack Exit status 1
14 verbose stack     at EventEmitter.<anonymous> (/usr/local/lib/node_modules/npm/lib/utils/lifecycle.js:239:16)
14 verbose stack     at emitTwo (events.js:106:13)
14 verbose stack     at EventEmitter.emit (events.js:191:7)
14 verbose stack     at ChildProcess.<anonymous> (/usr/local/lib/node_modules/npm/lib/utils/spawn.js:24:14)
14 verbose stack     at emitTwo (events.js:106:13)
14 verbose stack     at ChildProcess.emit (events.js:191:7)
14 verbose stack     at maybeClose (internal/child_process.js:850:16)
14 verbose stack     at Process.ChildProcess._handle.onexit (internal/child_process.js:215:5)
15 verbose pkgid exchange@1.0.0
16 verbose cwd /Users/JuansMacbook/exchange
17 error Darwin 16.3.0
18 error argv "/usr/local/bin/node" "/usr/local/bin/npm" "run" "gtg"
19 error node v6.0.0
20 error npm  v3.8.6
21 error code ELIFECYCLE
22 error exchange@1.0.0 gtg: `npm run build, npm start`
22 error Exit status 1
23 error Failed at the exchange@1.0.0 gtg script 'npm run build, npm start'.
23 error Make sure you have the latest version of node.js and npm installed.
23 error If you do, this is most likely a problem with the exchange package,
23 error not with npm itself.
23 error Tell the author that this fails on your system:
23 error     npm run build, npm start
23 error You can get information on how to open an issue for this project with:
23 error     npm bugs exchange
23 error Or if that isn't available, you can get their info via:
23 error     npm owner ls exchange
23 error There is likely additional logging output above.
24 verbose exit [ 1, true ]
